<?xml version="1.0" encoding="UTF-8"?>
<!-- Generated by org.testng.reporters.JUnitReportReporter -->
<testsuite hostname="DESKTOP-9UVEL6V" failures="0" tests="1" name="testcases.Tc001_AccountRegistrationTest1" time="2.505" errors="0" timestamp="2024-06-28T23:17:51 IST" skipped="0">
  <testcase classname="testcases.Tc001_AccountRegistrationTest1" name="verifyaccount" time="2.505"/>
</testsuite> <!-- testcases.Tc001_AccountRegistrationTest1 -->
