<?xml version="1.0" encoding="UTF-8"?>
<!-- Generated by org.testng.reporters.JUnitReportReporter -->
<testsuite hostname="DESKTOP-9UVEL6V" failures="0" tests="1" name="trying01.AccountRegistrationpage" time="1.123" errors="0" timestamp="2024-06-15T19:53:21 IST" skipped="0">
  <testcase classname="trying01.AccountRegistrationpage" name="verifyaccount" time="1.123"/>
</testsuite> <!-- trying01.AccountRegistrationpage -->
