<?xml version="1.0" encoding="UTF-8"?>
<!-- Generated by org.testng.reporters.JUnitReportReporter -->
<testsuite hostname="DESKTOP-9UVEL6V" failures="0" tests="1" name="testcases.Tc002_LoginTest" time="12.195" errors="0" timestamp="2024-06-25T22:07:52 IST" skipped="0">
  <testcase classname="testcases.Tc002_LoginTest" name="verify_login" time="12.195"/>
</testsuite> <!-- testcases.Tc002_LoginTest -->
