<?xml version="1.0" encoding="UTF-8"?>
<!-- Generated by org.testng.reporters.JUnitReportReporter -->
<testsuite hostname="DESKTOP-9UVEL6V" failures="0" tests="1" name="trying01.TA_001AccountRegistrationTest1" time="2.526" errors="0" timestamp="2024-06-15T23:15:38 IST" skipped="0">
  <testcase classname="trying01.TA_001AccountRegistrationTest1" name="verifyaccount" time="2.526"/>
</testsuite> <!-- trying01.TA_001AccountRegistrationTest1 -->
